<?xml version="1.0" encoding="UTF-8"?>
<testsuite xmlns:xsi="http://www.w3.org/2001/XMLSchema-instance" xsi:noNamespaceSchemaLocation="https://maven.apache.org/surefire/maven-surefire-plugin/xsd/surefire-test-report.xsd" name="ru.netology.domain.ProductManagerTest" time="0.09" tests="11" errors="0" skipped="0" failures="0">
  <properties>
[...]
</properties>
  <testcase name="shouldNotAddProducts" classname="ru.netology.domain.ProductManagerTest" time="0.056"/>
  <testcase name="shouldAddProducts" classname="ru.netology.domain.ProductManagerTest" time="0.001"/>
  <testcase name="shouldNotAdd" classname="ru.netology.domain.ProductManagerTest" time="0.001"/>
  <testcase name="shouldSaveAllProducts" classname="ru.netology.domain.ProductManagerTest" time="0.001"/>
  <testcase name="shouldRemoveByIdThree" classname="ru.netology.domain.ProductManagerTest" time="0.001"/>
  <testcase name="shouldRemoveByIdAll" classname="ru.netology.domain.ProductManagerTest" time="0.001"/>
  <testcase name="shouldRemoveByIdOne" classname="ru.netology.domain.ProductManagerTest" time="0.001"/>
  <testcase name="shouldAddProduct" classname="ru.netology.domain.ProductManagerTest" time="0"/>
  <testcase name="shouldNotSaveProducts" classname="ru.netology.domain.ProductManagerTest" time="0.001"/>
  <testcase name="shouldSaveOneProduct" classname="ru.netology.domain.ProductManagerTest" time="0.001"/>
  <testcase name="shouldsearchByProducts" classname="ru.netology.domain.ProductManagerTest" time="0.001"/>
</testsuite>